2017-11-04-main-INFO -com.cg.dao.RecruitmentDAOImpl:Method to get the login credentials
2017-11-04-main-INFO -com.cg.dao.RecruitmentDAOImpl:Method to get the login credentials
2017-11-04-main-INFO -com.cg.dao.RecruitmentDAOImpl:Method to get the login credentials
2017-11-04-main-INFO -com.cg.dao.RecruitmentDAOImpl:Transaction began successfully
2017-11-04-main-INFO -com.cg.dao.RecruitmentDAOImpl:Company details are added successfully
2017-11-04-main-INFO -com.cg.dao.RecruitmentDAOImpl:Transaction began successfully
2017-11-04-main-INFO -com.cg.dao.RecruitmentDAOImpl:User login credentials are inserted successfully
2017-11-04-main-INFO -com.cg.dao.RecruitmentDAOImpl:Method to get the login credentials
2017-11-04-main-INFO -com.cg.dao.RecruitmentDAOImpl:Method to get the login credentials
2017-11-04-main-INFO -com.cg.dao.RecruitmentDAOImpl:Method to get the login credentials
2017-11-04-main-INFO -com.cg.dao.RecruitmentDAOImpl:Method to get the login credentials
2017-11-04-main-INFO -com.cg.dao.RecruitmentDAOImpl:Method to get the login credentials
2017-11-04-main-INFO -com.cg.dao.RecruitmentDAOImpl:Method to get the login credentials
2017-11-04-main-INFO -com.cg.dao.RecruitmentDAOImpl:Reports generated on the basis of Job
2017-11-04-main-INFO -com.cg.dao.RecruitmentDAOImpl:Method to get the login credentials
2017-11-04-main-INFO -com.cg.dao.RecruitmentDAOImpl:Method to get the login credentials
2017-11-04-main-INFO -com.cg.dao.RecruitmentDAOImpl:Method to get the login credentials
2017-11-04-main-INFO -com.cg.dao.RecruitmentDAOImpl:Reports generated on the basis of Company
2017-11-04-main-INFO -com.cg.dao.RecruitmentDAOImpl:Method to get the login credentials
2017-11-04-main-INFO -com.cg.dao.RecruitmentDAOImpl:Method to get the login credentials
2017-11-04-main-INFO -com.cg.dao.RecruitmentDAOImpl:Method to get the login credentials
2017-11-04-main-INFO -com.cg.dao.RecruitmentDAOImpl:Reports generated on the basis of Company
2017-11-04-main-INFO -com.cg.dao.RecruitmentDAOImpl:Method to get the login credentials
2017-11-04-main-INFO -com.cg.dao.RecruitmentDAOImpl:Method to get the login credentials
2017-11-04-main-INFO -com.cg.dao.RecruitmentDAOImpl:Method to get the login credentials
2017-11-04-main-INFO -com.cg.dao.RecruitmentDAOImpl:Reports generated on the basis of Company
2017-11-04-main-INFO -com.cg.dao.RecruitmentDAOImpl:Method to get the login credentials
2017-11-04-main-INFO -com.cg.dao.RecruitmentDAOImpl:Method to get the login credentials
2017-11-04-main-INFO -com.cg.dao.RecruitmentDAOImpl:Method to get the login credentials
2017-11-04-main-INFO -com.cg.dao.RecruitmentDAOImpl:Reports generated on the basis of Company
2017-11-04-main-INFO -com.cg.dao.RecruitmentDAOImpl:Method to get the login credentials
2017-11-04-main-INFO -com.cg.dao.RecruitmentDAOImpl:Method to get the login credentials
2017-11-04-main-INFO -com.cg.dao.RecruitmentDAOImpl:Method to get the login credentials
2017-11-04-main-INFO -com.cg.dao.RecruitmentDAOImpl:Reports generated on the basis of Company
2017-11-04-main-INFO -com.cg.dao.RecruitmentDAOImpl:Method to get the login credentials
2017-11-04-main-INFO -com.cg.dao.RecruitmentDAOImpl:Method to get the login credentials
2017-11-04-main-INFO -com.cg.dao.RecruitmentDAOImpl:Method to get the login credentials
2017-11-04-main-INFO -com.cg.dao.RecruitmentDAOImpl:Reports generated on the basis of Company
2017-11-04-main-INFO -com.cg.dao.RecruitmentDAOImpl:Method to get the login credentials
2017-11-04-main-INFO -com.cg.dao.RecruitmentDAOImpl:Method to get the login credentials
2017-11-04-main-INFO -com.cg.dao.RecruitmentDAOImpl:Method to get the login credentials
2017-11-04-main-INFO -com.cg.dao.RecruitmentDAOImpl:Reports generated on the basis of Company
2017-11-04-main-INFO -com.cg.dao.RecruitmentDAOImpl:Method to get the login credentials
2017-11-04-main-INFO -com.cg.dao.RecruitmentDAOImpl:Method to get the login credentials
2017-11-04-main-INFO -com.cg.dao.RecruitmentDAOImpl:Method to get the login credentials
2017-11-04-main-INFO -com.cg.dao.RecruitmentDAOImpl:Reports generated on the basis of Company
2017-11-04-main-INFO -com.cg.dao.RecruitmentDAOImpl:Method to get the login credentials
2017-11-04-main-INFO -com.cg.dao.RecruitmentDAOImpl:Method to get the login credentials
2017-11-04-main-INFO -com.cg.dao.RecruitmentDAOImpl:Method to get the login credentials
2017-11-04-main-INFO -com.cg.dao.RecruitmentDAOImpl:Reports generated on the basis of Company
2017-11-04-main-INFO -com.cg.dao.RecruitmentDAOImpl:Method to get the login credentials
2017-11-04-main-INFO -com.cg.dao.RecruitmentDAOImpl:Method to get the login credentials
2017-11-04-main-INFO -com.cg.dao.RecruitmentDAOImpl:Method to get the login credentials
2017-11-04-main-INFO -com.cg.dao.RecruitmentDAOImpl:Reports generated on the basis of Company
2017-11-04-main-INFO -com.cg.dao.RecruitmentDAOImpl:Method to get the login credentials
2017-11-04-main-INFO -com.cg.dao.RecruitmentDAOImpl:Method to get the login credentials
2017-11-04-main-INFO -com.cg.dao.RecruitmentDAOImpl:Method to get the login credentials
2017-11-04-main-INFO -com.cg.dao.RecruitmentDAOImpl:Reports generated on the basis of Company
2017-11-04-main-INFO -com.cg.dao.RecruitmentDAOImpl:Method to get the login credentials
2017-11-04-main-INFO -com.cg.dao.RecruitmentDAOImpl:Method to get the login credentials
2017-11-04-main-INFO -com.cg.dao.RecruitmentDAOImpl:Method to get the login credentials
2017-11-04-main-INFO -com.cg.dao.RecruitmentDAOImpl:Reports generated on the basis of Company
2017-11-04-main-INFO -com.cg.dao.RecruitmentDAOImpl:Method to get the login credentials
2017-11-04-main-INFO -com.cg.dao.RecruitmentDAOImpl:Method to get the login credentials
2017-11-04-main-INFO -com.cg.dao.RecruitmentDAOImpl:Method to get the login credentials
2017-11-04-main-INFO -com.cg.dao.RecruitmentDAOImpl:Reports generated on the basis of Company
2017-11-04-main-INFO -com.cg.dao.RecruitmentDAOImpl:Method to get the login credentials
2017-11-04-main-INFO -com.cg.dao.RecruitmentDAOImpl:Method to get the login credentials
2017-11-04-main-INFO -com.cg.dao.RecruitmentDAOImpl:Method to get the login credentials
2017-11-04-main-INFO -com.cg.dao.RecruitmentDAOImpl:Reports generated on the basis of Company
2017-11-04-main-INFO -com.cg.dao.RecruitmentDAOImpl:Method to get the login credentials
2017-11-04-main-INFO -com.cg.dao.RecruitmentDAOImpl:Method to get the login credentials
2017-11-04-main-INFO -com.cg.dao.RecruitmentDAOImpl:Method to get the login credentials
2017-11-04-main-INFO -com.cg.dao.RecruitmentDAOImpl:Reports generated on the basis of Company
2017-11-04-main-INFO -com.cg.dao.RecruitmentDAOImpl:Method to get the login credentials
2017-11-04-main-INFO -com.cg.dao.RecruitmentDAOImpl:Method to get the login credentials
2017-11-04-main-INFO -com.cg.dao.RecruitmentDAOImpl:Method to get the login credentials
2017-11-04-main-INFO -com.cg.dao.RecruitmentDAOImpl:Method to get the login credentials
2017-11-04-main-INFO -com.cg.dao.RecruitmentDAOImpl:Reports generated on the basis of Job
2017-11-04-main-INFO -com.cg.dao.RecruitmentDAOImpl:Method to get the login credentials
2017-11-04-main-INFO -com.cg.dao.RecruitmentDAOImpl:Method to get the login credentials
2017-11-04-main-INFO -com.cg.dao.RecruitmentDAOImpl:Method to get the login credentials
2017-11-04-main-INFO -com.cg.dao.RecruitmentDAOImpl:Reports generated on the basis of Job
2017-11-04-main-INFO -com.cg.dao.RecruitmentDAOImpl:Method to get the login credentials
2017-11-04-main-INFO -com.cg.dao.RecruitmentDAOImpl:Reports generated on the basis of Company
2017-11-04-main-INFO -com.cg.dao.RecruitmentDAOImpl:Method to get the login credentials
2017-11-04-main-INFO -com.cg.dao.RecruitmentDAOImpl:Method to get the login credentials
2017-11-04-main-INFO -com.cg.dao.RecruitmentDAOImpl:Method to get the login credentials
2017-11-04-main-INFO -com.cg.dao.RecruitmentDAOImpl:Method to get the login credentials
2017-11-04-main-INFO -com.cg.dao.RecruitmentDAOImpl:Method to get the login credentials
2017-11-04-main-INFO -com.cg.dao.RecruitmentDAOImpl:Method to get the login credentials
2017-11-04-main-INFO -com.cg.dao.RecruitmentDAOImpl:Reports generated on the basis of Job
